<?xml version="1.0" encoding="UTF-8"?>
<!-- Generated by org.testng.reporters.JUnitReportReporter -->
<testsuite hostname="Mesuts-MBP.home" failures="0" tests="1" name="com.automation.tests.day13.ConfigurationReaderTest" time="0.000" errors="0" timestamp="12 Apr 2020 19:25:13 GMT" skipped="0">
  <testcase classname="com.automation.tests.day13.ConfigurationReaderTest" name="readProperties" time="0.000"/>
</testsuite> <!-- com.automation.tests.day13.ConfigurationReaderTest -->
